1	: C 1 	: started
2	: C 1 	: waiting : 0 : 0
3	: A 1 	: started
4	: A 1 	: enter
5	: C 1 	: enter
6	: A 1 	: trying to leave
7	: A 1 	: waiting : 1 : 1
8	: C 2 	: started
9	: C 2 	: enter
10	: C 3 	: started
11	: C 3 	: enter
12	: C 1 	: trying to leave
13	: C 1 	: leave
14	: C 2 	: trying to leave
15	: C 2 	: leave
16	: C 7 	: started
17	: C 7 	: enter
18	: C 5 	: started
19	: C 5 	: enter
20	: C 8 	: started
21	: C 8 	: waiting : 1 : 3
22	: C 4 	: started
23	: C 4 	: waiting : 1 : 3
24	: C 6 	: started
25	: C 6 	: waiting : 1 : 3
26	: C 3 	: trying to leave
27	: C 3 	: leave
28	: C 7 	: trying to leave
29	: C 7 	: leave
30	: C 5 	: trying to leave
31	: C 5 	: leave
32	: A 1 	: leave
33	: C 8 	: enter
34	: C 9 	: started
35	: C 9 	: enter
36	: C 10 	: started
37	: C 10 	: enter
38	: C 8 	: trying to leave
39	: C 8 	: leave
40	: C 4 	: enter
41	: C 9 	: trying to leave
42	: C 9 	: leave
43	: C 6 	: enter
44	: C 10 	: trying to leave
45	: C 10 	: leave
46	: C 6 	: trying to leave
47	: C 6 	: leave
48	: C 4 	: trying to leave
49	: C 4 	: leave
50	: C 4	: finished
51	: C 1	: finished
52	: C 2	: finished
53	: C 3	: finished
54	: C 7	: finished
55	: C 5	: finished
56	: A 1	: finished
57	: C 8	: finished
58	: C 9	: finished
59	: C 6	: finished
60	: C 10	: finished
